-------------------------------------------------------------------------------
Test set: com.river.videriTest.repository.BaseTest
-------------------------------------------------------------------------------
Tests run: 1, Failures: 0, Errors: 1, Skipped: 0, Time elapsed: 0 s <<< FAILURE! - in com.river.videriTest.repository.BaseTest
initializationError(com.river.videriTest.repository.BaseTest)  Time elapsed: 0 s  <<< ERROR!
java.lang.Exception: No runnable methods

